<?xml version="1.0" encoding="UTF-8"?>
<!-- Generated by org.testng.reporters.JUnitReportReporter -->
<testsuite skipped="0" hostname="DESKTOP-TKFIJM7" name="com.automation.LoginTest" tests="1" failures="0" timestamp="18 Jul 2020 09:30:51 GMT" time="28.123" errors="0">
  <testcase name="testLogin" time="28.123" classname="com.automation.LoginTest"/>
</testsuite> <!-- com.automation.LoginTest -->
