<?xml version="1.0" encoding="UTF-8"?>
<!-- Generated by org.testng.reporters.JUnitReportReporter -->
<testsuite skipped="0" hostname="DESKTOP-TKFIJM7" name="com.automation.RegistrationTest" tests="1" failures="0" timestamp="17 Jul 2020 15:03:43 GMT" time="32.140" errors="0">
  <testcase name="testRegistration" time="32.140" classname="com.automation.RegistrationTest"/>
</testsuite> <!-- com.automation.RegistrationTest -->
