<?xml version="1.0" encoding="UTF-8"?>
<!-- Generated by org.testng.reporters.JUnitReportReporter -->
<testsuite skipped="0" hostname="DESKTOP-TKFIJM7" name="com.automation.LoginTest" tests="1" failures="0" timestamp="17 Jul 2020 15:03:43 GMT" time="25.729" errors="0">
  <testcase name="testLogin" time="25.729" classname="com.automation.LoginTest"/>
</testsuite> <!-- com.automation.LoginTest -->
