<?xml version="1.0" encoding="UTF-8"?>
<!-- Generated by org.testng.reporters.JUnitReportReporter -->
<testsuite skipped="0" hostname="DESKTOP-TKFIJM7" name="com.automation.RegistrationTest" tests="1" failures="0" timestamp="18 Jul 2020 09:30:51 GMT" time="37.086" errors="0">
  <testcase name="testRegistration" time="37.086" classname="com.automation.RegistrationTest"/>
</testsuite> <!-- com.automation.RegistrationTest -->
