<?xml version="1.0" encoding="UTF-8"?>
<!-- Generated by org.testng.reporters.JUnitReportReporter -->
<testsuite skipped="0" hostname="DESKTOP-TKFIJM7" name="com.automation.LoginTest" tests="1" failures="0" timestamp="18 Jul 2020 10:00:19 GMT" time="29.407" errors="0">
  <testcase name="testLogin" time="29.407" classname="com.automation.LoginTest"/>
</testsuite> <!-- com.automation.LoginTest -->
