<?xml version="1.0" encoding="UTF-8"?>
<!-- Generated by org.testng.reporters.JUnitReportReporter -->
<testsuite hostname="DESKTOP-TKFIJM7" name="com.automation.AddToCartTest" tests="1" failures="0" timestamp="18 Jul 2020 09:55:23 GMT" time="57.592" errors="0">
  <testcase name="testAddToCart" time="57.592" classname="com.automation.AddToCartTest"/>
</testsuite> <!-- com.automation.AddToCartTest -->
