<?xml version="1.0" encoding="UTF-8"?>
<!-- Generated by org.testng.reporters.JUnitReportReporter -->
<testsuite hostname="DESKTOP-TKFIJM7" name="com.automation.LoginTest" tests="1" failures="0" timestamp="18 Jul 2020 09:55:23 GMT" time="31.950" errors="0">
  <testcase name="testLogin" time="31.950" classname="com.automation.LoginTest"/>
</testsuite> <!-- com.automation.LoginTest -->
